#
# There is insufficient memory for the Java Runtime Environment to continue.
# Native memory allocation (malloc) failed to allocate 32744 bytes for ChunkPool::allocate
# Possible reasons:
#   The system is out of physical RAM or swap space
#   In 32 bit mode, the process size limit was hit
# Possible solutions:
#   Reduce memory load on the system
#   Increase physical memory or swap space
#   Check if swap backing store is full
#   Use 64 bit Java on a 64 bit OS
#   Decrease Java heap size (-Xmx/-Xms)
#   Decrease number of Java threads
#   Decrease Java thread stack sizes (-Xss)
#   Set larger code cache with -XX:ReservedCodeCacheSize=
# This output file may be truncated or incomplete.
#
#  Out of Memory Error (allocation.cpp:273), pid=17604, tid=16616
#
# JRE version: Java(TM) SE Runtime Environment (8.0_60-b27) (build 1.8.0_60-b27)
# Java VM: Java HotSpot(TM) 64-Bit Server VM (25.60-b23 mixed mode windows-amd64 compressed oops)
# Failed to write core dump. Minidumps are not enabled by default on client versions of Windows
#

---------------  T H R E A D  ---------------

Current thread (0x000000001aaf3000):  JavaThread "C1 CompilerThread3" daemon [_thread_in_native, id=16616, stack(0x000000001b5d0000,0x000000001b6d0000)]

Stack: [0x000000001b5d0000,0x000000001b6d0000]
[error occurred during error reporting (printing stack bounds), id 0xc0000005]

Native frames: (J=compiled Java code, j=interpreted, Vv=VM code, C=native code)


Current CompileTask:
C1:   3852  359       1       java.util.Properties::saveConvert (434 bytes)


---------------  P R O C E S S  ---------------

Java Threads: ( => current thread )
  0x000000001aca4000 JavaThread "RMI TCP Accept-0" daemon [_thread_in_native, id=5972, stack(0x000000001b7d0000,0x000000001b8d0000)]
  0x000000001ab43000 JavaThread "Service Thread" daemon [_thread_blocked, id=15864, stack(0x000000001b6d0000,0x000000001b7d0000)]
=>0x000000001aaf3000 JavaThread "C1 CompilerThread3" daemon [_thread_in_native, id=16616, stack(0x000000001b5d0000,0x000000001b6d0000)]
  0x000000001aac9800 JavaThread "C2 CompilerThread2" daemon [_thread_blocked, id=13360, stack(0x000000001b4d0000,0x000000001b5d0000)]
  0x000000001aac3800 JavaThread "C2 CompilerThread1" daemon [_thread_blocked, id=17032, stack(0x000000001b3d0000,0x000000001b4d0000)]
  0x000000001aa4c800 JavaThread "C2 CompilerThread0" daemon [_thread_blocked, id=16396, stack(0x000000001b2d0000,0x000000001b3d0000)]
  0x000000001aa9d800 JavaThread "Monitor Ctrl-Break" daemon [_thread_in_native, id=18384, stack(0x000000001b1d0000,0x000000001b2d0000)]
  0x000000001a414800 JavaThread "Attach Listener" daemon [_thread_blocked, id=14436, stack(0x000000001a8d0000,0x000000001a9d0000)]
  0x000000001a413000 JavaThread "Signal Dispatcher" daemon [_thread_blocked, id=17220, stack(0x000000001a7d0000,0x000000001a8d0000)]
  0x0000000003538000 JavaThread "Finalizer" daemon [_thread_blocked, id=10176, stack(0x000000001a2d0000,0x000000001a3d0000)]
  0x0000000003537000 JavaThread "Reference Handler" daemon [_thread_blocked, id=15556, stack(0x000000001a1d0000,0x000000001a2d0000)]
  0x0000000003446000 JavaThread "main" [_thread_in_vm, id=17764, stack(0x00000000031b0000,0x00000000032b0000)]

Other Threads:
  0x00000000183e8800 VMThread [stack: 0x000000001a0d0000,0x000000001a1d0000] [id=13936]
  0x000000001acac000 WatcherThread [stack: 0x000000001b8d0000,0x000000001b9d0000] [id=13128]

VM state:not at safepoint (normal execution)

VM Mutex/Monitor currently owned by a thread: None

Heap:
 PSYoungGen      total 37888K, used 14331K [0x00000000d6580000, 0x00000000d8f80000, 0x0000000100000000)
  eden space 32768K, 43% used [0x00000000d6580000,0x00000000d737ef58,0x00000000d8580000)
  from space 5120K, 0% used [0x00000000d8a80000,0x00000000d8a80000,0x00000000d8f80000)
  to   space 5120K, 0% used [0x00000000d8580000,0x00000000d8580000,0x00000000d8a80000)
 ParOldGen       total 86016K, used 0K [0x0000000083000000, 0x0000000088400000, 0x00000000d6580000)
  object space 86016K, 0% used [0x0000000083000000,0x0000000083000000,0x0000000088400000)
 Metaspace       used 7014K, capacity 7044K, committed 7296K, reserved 1056768K
  class space    used 841K, capacity 849K, committed 896K, reserved 1048576K

Card table byte_map: [0x0000000012900000,0x0000000012cf0000] byte_map_base: 0x00000000124e8000

Marking Bits: (ParMarkBitMap*) 0x00000000761fa5b0
 Begin Bits: [0x0000000013790000, 0x00000000156d0000)
 End Bits:   [0x00000000156d0000, 0x0000000017610000)

Polling page: 0x00000000014a0000

CodeCache: size=245760Kb used=1595Kb max_used=1595Kb free=244164Kb
 bounds [0x0000000003540000, 0x00000000037b0000, 0x0000000012540000]
 total_blobs=683 nmethods=358 adapters=238
 compilation: enabled

Compilation events (10 events):
Event: 3.821 Thread 0x000000001aaf3000 nmethod 354 0x00000000036cdb90 code [0x00000000036cdce0, 0x00000000036cddf0]
Event: 3.821 Thread 0x000000001aaf3000  355       1       java.util.HashSet::contains (9 bytes)
Event: 3.821 Thread 0x000000001aaf3000 nmethod 355 0x00000000036cde50 code [0x00000000036cdfa0, 0x00000000036ce0e8]
Event: 3.827 Thread 0x000000001aaf3000  356  s    1       java.lang.StringBuffer::toString (36 bytes)
Event: 3.827 Thread 0x000000001aaf3000 nmethod 356 0x00000000036ce150 code [0x00000000036ce2c0, 0x00000000036ce608]
Event: 3.827 Thread 0x000000001aaf3000  357       1       java.lang.StringBuffer::<init> (6 bytes)
Event: 3.827 Thread 0x000000001aaf3000 nmethod 357 0x00000000036ce6d0 code [0x00000000036ce820, 0x00000000036ce9d0]
Event: 3.830 Thread 0x000000001aaf3000  358       1       java.nio.Buffer::limit (5 bytes)
Event: 3.830 Thread 0x000000001aaf3000 nmethod 358 0x00000000036cea50 code [0x00000000036ceba0, 0x00000000036cecb0]
Event: 3.831 Thread 0x000000001aaf3000  359       1       java.util.Properties::saveConvert (434 bytes)

GC Heap History (0 events):
No events

Deoptimization events (0 events):
No events

Internal exceptions (10 events):
Event: 0.846 Thread 0x0000000003446000 Exception <a 'java/lang/ArrayIndexOutOfBoundsException'> (0x00000000d6db1f48) thrown at [C:\re\workspace\8-2-build-windows-amd64-cygwin\jdk8u60\4407\hotspot\src\share\vm\runtime\sharedRuntime.cpp, line 605]
Event: 0.846 Thread 0x0000000003446000 Exception <a 'java/lang/ArrayIndexOutOfBoundsException'> (0x00000000d6db3600) thrown at [C:\re\workspace\8-2-build-windows-amd64-cygwin\jdk8u60\4407\hotspot\src\share\vm\runtime\sharedRuntime.cpp, line 605]
Event: 0.847 Thread 0x0000000003446000 Exception <a 'java/lang/ArrayIndexOutOfBoundsException'> (0x00000000d6db5ef8) thrown at [C:\re\workspace\8-2-build-windows-amd64-cygwin\jdk8u60\4407\hotspot\src\share\vm\runtime\sharedRuntime.cpp, line 605]
Event: 0.857 Thread 0x0000000003446000 Exception <a 'java/lang/ArrayIndexOutOfBoundsException'> (0x00000000d6de35e8) thrown at [C:\re\workspace\8-2-build-windows-amd64-cygwin\jdk8u60\4407\hotspot\src\share\vm\runtime\sharedRuntime.cpp, line 605]
Event: 0.890 Thread 0x0000000003446000 Exception <a 'java/lang/ArrayIndexOutOfBoundsException'> (0x00000000d6e03548) thrown at [C:\re\workspace\8-2-build-windows-amd64-cygwin\jdk8u60\4407\hotspot\src\share\vm\runtime\sharedRuntime.cpp, line 605]
Event: 0.916 Thread 0x0000000003446000 Exception <a 'java/security/PrivilegedActionException'> (0x00000000d6e58470) thrown at [C:\re\workspace\8-2-build-windows-amd64-cygwin\jdk8u60\4407\hotspot\src\share\vm\prims\jvm.cpp, line 1386]
Event: 0.916 Thread 0x0000000003446000 Exception <a 'java/security/PrivilegedActionException'> (0x00000000d6e58680) thrown at [C:\re\workspace\8-2-build-windows-amd64-cygwin\jdk8u60\4407\hotspot\src\share\vm\prims\jvm.cpp, line 1386]
Event: 0.919 Thread 0x0000000003446000 Exception <a 'java/security/PrivilegedActionException'> (0x00000000d6e5c4c8) thrown at [C:\re\workspace\8-2-build-windows-amd64-cygwin\jdk8u60\4407\hotspot\src\share\vm\prims\jvm.cpp, line 1386]
Event: 0.919 Thread 0x0000000003446000 Exception <a 'java/security/PrivilegedActionException'> (0x00000000d6e5c6d8) thrown at [C:\re\workspace\8-2-build-windows-amd64-cygwin\jdk8u60\4407\hotspot\src\share\vm\prims\jvm.cpp, line 1386]
Event: 3.698 Thread 0x0000000003446000 Exception <a 'java/lang/ClassNotFoundException': javax/management/remote/rmi/RMIServerImpl_Skel> (0x00000000d7065298) thrown at [C:\re\workspace\8-2-build-windows-amd64-cygwin\jdk8u60\4407\hotspot\src\share\vm\classfile\systemDictionary.cpp, line 210]

Events (10 events):
Event: 3.822 loading class sun/util/resources/OpenListResourceBundle
Event: 3.822 loading class sun/util/resources/OpenListResourceBundle done
Event: 3.822 loading class sun/util/resources/TimeZoneNamesBundle done
Event: 3.822 loading class sun/util/resources/TimeZoneNames done
Event: 3.822 loading class java/util/ResourceBundle$BundleReference
Event: 3.822 loading class java/util/ResourceBundle$BundleReference done
Event: 3.822 loading class sun/util/resources/en/TimeZoneNames_en
Event: 3.822 loading class sun/util/resources/en/TimeZoneNames_en done
Event: 3.824 loading class sun/util/locale/provider/LocaleResources$ResourceReference
Event: 3.824 loading class sun/util/locale/provider/LocaleResources$ResourceReference done


Dynamic libraries:
0x00007ff7d0a90000 - 0x00007ff7d0ac7000 	C:\Program Files\Java\jdk1.8.0_60\bin\java.exe
0x00007ffaaaa30000 - 0x00007ffaaac25000 	C:\WINDOWS\SYSTEM32\ntdll.dll
0x00007ffaa93c0000 - 0x00007ffaa947e000 	C:\WINDOWS\System32\KERNEL32.DLL
0x00007ffaa83a0000 - 0x00007ffaa8668000 	C:\WINDOWS\System32\KERNELBASE.dll
0x00007ffaa9620000 - 0x00007ffaa96ce000 	C:\WINDOWS\System32\ADVAPI32.dll
0x00007ffaa8fb0000 - 0x00007ffaa904e000 	C:\WINDOWS\System32\msvcrt.dll
0x00007ffaa9320000 - 0x00007ffaa93bc000 	C:\WINDOWS\System32\sechost.dll
0x00007ffaa96f0000 - 0x00007ffaa9815000 	C:\WINDOWS\System32\RPCRT4.dll
0x00007ffaa9480000 - 0x00007ffaa9620000 	C:\WINDOWS\System32\USER32.dll
0x00007ffaa8780000 - 0x00007ffaa87a2000 	C:\WINDOWS\System32\win32u.dll
0x00007ffaa9f70000 - 0x00007ffaa9f9a000 	C:\WINDOWS\System32\GDI32.dll
0x00007ffaa8670000 - 0x00007ffaa877b000 	C:\WINDOWS\System32\gdi32full.dll
0x00007ffaa8300000 - 0x00007ffaa839d000 	C:\WINDOWS\System32\msvcp_win.dll
0x00007ffaa87b0000 - 0x00007ffaa88b0000 	C:\WINDOWS\System32\ucrtbase.dll
0x00007ffa90c60000 - 0x00007ffa90efa000 	C:\WINDOWS\WinSxS\amd64_microsoft.windows.common-controls_6595b64144ccf1df_6.0.19041.1110_none_60b5254171f9507e\COMCTL32.dll
0x00007ffaa8bb0000 - 0x00007ffaa8be0000 	C:\WINDOWS\System32\IMM32.DLL
0x0000000076280000 - 0x0000000076352000 	C:\Program Files\Java\jdk1.8.0_60\jre\bin\msvcr100.dll
0x00000000759f0000 - 0x0000000076279000 	C:\Program Files\Java\jdk1.8.0_60\jre\bin\server\jvm.dll
0x00007ffaa8a90000 - 0x00007ffaa8a98000 	C:\WINDOWS\System32\PSAPI.DLL
0x00007ffa89c60000 - 0x00007ffa89c69000 	C:\WINDOWS\SYSTEM32\WSOCK32.dll
0x00007ffaa8d50000 - 0x00007ffaa8dbb000 	C:\WINDOWS\System32\WS2_32.dll
0x00007ffa92940000 - 0x00007ffa92967000 	C:\WINDOWS\SYSTEM32\WINMM.dll
0x00007ffaa0ee0000 - 0x00007ffaa0eea000 	C:\WINDOWS\SYSTEM32\VERSION.dll
0x00000000778a0000 - 0x00000000778af000 	C:\Program Files\Java\jdk1.8.0_60\jre\bin\verify.dll
0x0000000077870000 - 0x0000000077899000 	C:\Program Files\Java\jdk1.8.0_60\jre\bin\java.dll
0x0000000075980000 - 0x00000000759a3000 	C:\Program Files\Java\jdk1.8.0_60\jre\bin\instrument.dll
0x0000000077850000 - 0x0000000077866000 	C:\Program Files\Java\jdk1.8.0_60\jre\bin\zip.dll
0x00007ffaa9820000 - 0x00007ffaa9f64000 	C:\WINDOWS\System32\SHELL32.dll
0x00007ffaa6270000 - 0x00007ffaa6a04000 	C:\WINDOWS\SYSTEM32\windows.storage.dll
0x00007ffaaa220000 - 0x00007ffaaa574000 	C:\WINDOWS\System32\combase.dll
0x00007ffaa7bc0000 - 0x00007ffaa7bec000 	C:\WINDOWS\SYSTEM32\Wldp.dll
0x00007ffaa8f00000 - 0x00007ffaa8fad000 	C:\WINDOWS\System32\SHCORE.dll
0x00007ffaa8dc0000 - 0x00007ffaa8e15000 	C:\WINDOWS\System32\shlwapi.dll
0x00007ffaa8090000 - 0x00007ffaa80af000 	C:\WINDOWS\SYSTEM32\profapi.dll
0x00000000759d0000 - 0x00000000759ea000 	C:\Program Files\Java\jdk1.8.0_60\jre\bin\net.dll
0x00007ffaa7920000 - 0x00007ffaa798a000 	C:\WINDOWS\system32\mswsock.dll
0x00007ffaa7610000 - 0x00007ffaa76db000 	C:\WINDOWS\SYSTEM32\DNSAPI.dll
0x00007ffaa75c0000 - 0x00007ffaa75fb000 	C:\WINDOWS\SYSTEM32\IPHLPAPI.DLL
0x00007ffaa9180000 - 0x00007ffaa9188000 	C:\WINDOWS\System32\NSI.dll
0x00007ffaa0c00000 - 0x00007ffaa0c0a000 	C:\Windows\System32\rasadhlp.dll
0x00007ffa9ebe0000 - 0x00007ffa9ec5f000 	C:\WINDOWS\System32\fwpuclnt.dll
0x00007ffaa8a60000 - 0x00007ffaa8a87000 	C:\WINDOWS\System32\bcrypt.dll
0x0000000077840000 - 0x000000007784d000 	C:\Program Files\Java\jdk1.8.0_60\jre\bin\management.dll
0x00000000759b0000 - 0x00000000759c1000 	C:\Program Files\Java\jdk1.8.0_60\jre\bin\nio.dll
0x00007ffaa7b10000 - 0x00007ffaa7b28000 	C:\WINDOWS\SYSTEM32\CRYPTSP.dll
0x00007ffaa7230000 - 0x00007ffaa7264000 	C:\WINDOWS\system32\rsaenh.dll
0x00007ffaa8050000 - 0x00007ffaa807e000 	C:\WINDOWS\SYSTEM32\USERENV.dll
0x00007ffaa8960000 - 0x00007ffaa89e2000 	C:\WINDOWS\System32\bcryptprimitives.dll
0x00007ffaa7b30000 - 0x00007ffaa7b3c000 	C:\WINDOWS\SYSTEM32\CRYPTBASE.dll
0x00007ffaa0f10000 - 0x00007ffaa0f27000 	C:\WINDOWS\SYSTEM32\dhcpcsvc6.DLL
0x00007ffaa0ef0000 - 0x00007ffaa0f0d000 	C:\WINDOWS\SYSTEM32\dhcpcsvc.DLL
0x00007ffa7a930000 - 0x00007ffa7a947000 	C:\WINDOWS\system32\napinsp.dll
0x00007ffa7ab70000 - 0x00007ffa7ab8b000 	C:\WINDOWS\system32\pnrpnsp.dll
0x00007ffa7ab50000 - 0x00007ffa7ab65000 	C:\WINDOWS\system32\wshbth.dll
0x00007ffaa3cb0000 - 0x00007ffaa3ccd000 	C:\WINDOWS\system32\NLAapi.dll
0x00007ffa7ab30000 - 0x00007ffa7ab42000 	C:\WINDOWS\System32\winrnr.dll

VM Arguments:
jvm_args: -XX:TieredStopAtLevel=1 -Xverify:none -Dspring.output.ansi.enabled=always -Dcom.sun.management.jmxremote -Dspring.jmx.enabled=true -Dspring.liveBeansView.mbeanDomain -Dspring.application.admin.enabled=true -javaagent:D:\ѧϰ\IntelliJ IDEA 2019.3.5\lib\idea_rt.jar=63237:D:\ѧϰ\IntelliJ IDEA 2019.3.5\bin -Dfile.encoding=UTF-8 
java_command: com.qdc.demoeurekaconsumer1feign.DemoEurekaConsumer1FeignApplication
java_class_path (initial): C:\Program Files\Java\jdk1.8.0_60\jre\lib\charsets.jar;C:\Program Files\Java\jdk1.8.0_60\jre\lib\deploy.jar;C:\Program Files\Java\jdk1.8.0_60\jre\lib\ext\access-bridge-64.jar;C:\Program Files\Java\jdk1.8.0_60\jre\lib\ext\cldrdata.jar;C:\Program Files\Java\jdk1.8.0_60\jre\lib\ext\dnsns.jar;C:\Program Files\Java\jdk1.8.0_60\jre\lib\ext\jaccess.jar;C:\Program Files\Java\jdk1.8.0_60\jre\lib\ext\jfxrt.jar;C:\Program Files\Java\jdk1.8.0_60\jre\lib\ext\localedata.jar;C:\Program Files\Java\jdk1.8.0_60\jre\lib\ext\nashorn.jar;C:\Program Files\Java\jdk1.8.0_60\jre\lib\ext\sunec.jar;C:\Program Files\Java\jdk1.8.0_60\jre\lib\ext\sunjce_provider.jar;C:\Program Files\Java\jdk1.8.0_60\jre\lib\ext\sunmscapi.jar;C:\Program Files\Java\jdk1.8.0_60\jre\lib\ext\sunpkcs11.jar;C:\Program Files\Java\jdk1.8.0_60\jre\lib\ext\zipfs.jar;C:\Program Files\Java\jdk1.8.0_60\jre\lib\javaws.jar;C:\Program Files\Java\jdk1.8.0_60\jre\lib\jce.jar;C:\Program Files\Java\jdk1.8.0_60\jre\lib\jfr.jar;C:\Program Files\Java\jdk1.8.0_60\jre\lib\jfxswt.jar;C:\Program Files\Java\jdk1.8.0_60\jre\lib\jsse.jar;C:\Program Files\Java\jdk1.8.0_60\jre\lib\management-agent.jar;C:\Program Files\Java\jdk1.8.0_60\jre\lib\plugin.jar;C:\Program Files\Java\jdk1.8.0_60\jre\lib\resources.jar;C:\Program Files\Java\jdk1.8.0_60\jre\lib\rt.jar;D:\demo-eureka-server1\demo-eureka-consumer1-feign\target\classes;E:\.m2\repository\org\springframework\boot\spring-boot-starter-web\2.6.6\spring-boot-starter-web-2.6.6.jar;E:\.m2\repository\org\springframework\boot\spring-boot-starter\2.6.6\spring-boot-starter-2.6.6.jar;E:\.m2\repository\org\springframework\boot\spring-boot\2.6.6\spring-boot-2.6.6.jar;E:\.m2\repository\org\springframework\boot\spring-boot-autoconfigure\2.6.6\spring-boot-autoconfigure-2.6.6.jar;E:\.m2\repository\org\springframework\boot\spring-boot-starter-logging\2.6.6\spring-boot-starter-logging-2.6.6.jar;E:\.m2\repository\ch\qos\logback\logback-classic\1.2.11\logback-classic-1.2.11.jar;E:\.m2\r
Launcher Type: SUN_STANDARD

Environment Variables:
JAVA_HOME=C:\Program Files\Java\jdk1.8.0_60
PATH=C:\WINDOWS\system32;C:\WINDOWS;C:\WINDOWS\System32\Wbem;C:\WINDOWS\System32\WindowsPowerShell\v1.0\;C:\WINDOWS\System32\OpenSSH\;C:\Program Files\Java\jdk1.8.0_60\bin;C:\Program Files\Java\jdk1.8.0_60\jre\bin;E:\mysql\mysql-8.0.26-winx64\bin;C:\Users\dell\AppData\Local\Programs\Python\Python39\Scripts\;C:\Users\dell\AppData\Local\Programs\Python\Python39\;C:\Users\dell\AppData\Local\Microsoft\WindowsApps;;D:\ѧϰ\PyCharm 2021.2.1\bin;;D:\ѧϰ\PyCharm Community Edition 2021.2.1\bin;;D:\ѧϰ\IntelliJ IDEA 2019.3.5\bin;
USERNAME=dell
OS=Windows_NT
PROCESSOR_IDENTIFIER=Intel64 Family 6 Model 142 Stepping 11, GenuineIntel



---------------  S Y S T E M  ---------------

OS: Windows 10.0 , 64 bit Build 19041 (10.0.19041.1645)

CPU:total 8 (4 cores per cpu, 2 threads per core) family 6 model 142 stepping 11, cmov, cx8, fxsr, mmx, sse, sse2, sse3, ssse3, sse4.1, sse4.2, popcnt, avx, avx2, aes, clmul, erms, 3dnowpref, lzcnt, ht, tsc, tscinvbit, bmi1, bmi2, adx

Memory: 4k page, physical 8190504k(1300420k free), swap 12384808k(88k free)

vm_info: Java HotSpot(TM) 64-Bit Server VM (25.60-b23) for windows-amd64 JRE (1.8.0_60-b27), built on Aug  4 2015 11:06:27 by "java_re" with MS VC++ 10.0 (VS2010)

time: Sun Apr 24 22:54:28 2022
elapsed time: 3 seconds (0d 0h 0m 3s)

